<?xml version="1.0" encoding="UTF-8"?>
<testng-results ignored="0" total="1" passed="1" failed="0" skipped="0">
  <reporter-output>
  </reporter-output>
  <suite started-at="2022-06-06T23:14:14 IST" name="Default suite" finished-at="2022-06-06T23:14:26 IST" duration-ms="11732">
    <groups>
    </groups>
    <test started-at="2022-06-06T23:14:14 IST" name="Default test" finished-at="2022-06-06T23:14:26 IST" duration-ms="11732">
      <class name="VerifyGUI.TestCase2">
        <test-method is-config="true" signature="initialisebrowser()[pri:0, instance:VerifyGUI.TestCase2@1a451d4d]" started-at="2022-06-06T23:14:14 IST" name="initialisebrowser" finished-at="2022-06-06T23:14:17 IST" duration-ms="2131" status="PASS">
          <reporter-output>
          </reporter-output>
        </test-method> <!-- initialisebrowser -->
        <test-method signature="test()[pri:0, instance:VerifyGUI.TestCase2@1a451d4d]" started-at="2022-06-06T23:14:17 IST" name="test" finished-at="2022-06-06T23:14:26 IST" duration-ms="9373" status="PASS">
          <reporter-output>
          </reporter-output>
        </test-method> <!-- test -->
        <test-method is-config="true" signature="teardown()[pri:0, instance:VerifyGUI.TestCase2@1a451d4d]" started-at="2022-06-06T23:14:26 IST" name="teardown" finished-at="2022-06-06T23:14:26 IST" duration-ms="169" status="PASS">
          <reporter-output>
          </reporter-output>
        </test-method> <!-- teardown -->
      </class> <!-- VerifyGUI.TestCase2 -->
    </test> <!-- Default test -->
  </suite> <!-- Default suite -->
</testng-results>
